0 info it worked if it ends with ok
1 verbose cli [ 'C:\\Program Files\\nodejs\\node.exe',
1 verbose cli   'C:\\Program Files\\nodejs\\node_modules\\npm\\bin\\npm-cli.js',
<<<<<<< HEAD
1 verbose cli   'start' ]
2 info using npm@3.10.8
3 info using node@v6.9.1
4 verbose stack Error: missing script: start
4 verbose stack     at run (C:\Program Files\nodejs\node_modules\npm\lib\run-script.js:151:19)
4 verbose stack     at C:\Program Files\nodejs\node_modules\npm\lib\run-script.js:61:5
4 verbose stack     at C:\Program Files\nodejs\node_modules\npm\node_modules\read-package-json\read-json.js:356:5
4 verbose stack     at checkBinReferences_ (C:\Program Files\nodejs\node_modules\npm\node_modules\read-package-json\read-json.js:320:45)
4 verbose stack     at final (C:\Program Files\nodejs\node_modules\npm\node_modules\read-package-json\read-json.js:354:3)
4 verbose stack     at then (C:\Program Files\nodejs\node_modules\npm\node_modules\read-package-json\read-json.js:124:5)
4 verbose stack     at C:\Program Files\nodejs\node_modules\npm\node_modules\read-package-json\read-json.js:311:12
4 verbose stack     at C:\Program Files\nodejs\node_modules\npm\node_modules\graceful-fs\graceful-fs.js:78:16
4 verbose stack     at tryToString (fs.js:455:3)
4 verbose stack     at FSReqWrap.readFileAfterClose [as oncomplete] (fs.js:442:12)
5 verbose cwd C:\Users\Oussema\Desktop\guideme\guidemeBackend
6 error Windows_NT 10.0.15063
7 error argv "C:\\Program Files\\nodejs\\node.exe" "C:\\Program Files\\nodejs\\node_modules\\npm\\bin\\npm-cli.js" "start"
8 error node v6.9.1
9 error npm  v3.10.8
10 error missing script: start
11 error If you need help, you may report this error at:
11 error     <https://github.com/npm/npm/issues>
12 verbose exit [ 1, true ]
=======
1 verbose cli   'bugs',
1 verbose cli   'BestDressed' ]
2 info using npm@3.10.10
3 info using node@v6.10.2
4 silly fetchPackageMetaData BestDressed
5 silly fetchNamedPackageData BestDressed
6 silly mapToRegistry name BestDressed
7 silly mapToRegistry using default registry
8 silly mapToRegistry registry https://registry.npmjs.org/
9 silly mapToRegistry data Result {
9 silly mapToRegistry   raw: 'BestDressed',
9 silly mapToRegistry   scope: null,
9 silly mapToRegistry   escapedName: 'BestDressed',
9 silly mapToRegistry   name: 'BestDressed',
9 silly mapToRegistry   rawSpec: '',
9 silly mapToRegistry   spec: 'latest',
9 silly mapToRegistry   type: 'tag' }
10 silly mapToRegistry uri https://registry.npmjs.org/BestDressed
11 verbose request uri https://registry.npmjs.org/BestDressed
12 verbose request no auth needed
13 info attempt registry request try #1 at 19:59:56
14 verbose request id 1eb0fe7c98e9467b
15 http request GET https://registry.npmjs.org/BestDressed
16 http 404 https://registry.npmjs.org/BestDressed
17 verbose headers { 'content-type': 'application/json',
17 verbose headers   'cache-control': 'max-age=0',
17 verbose headers   'content-length': '2',
17 verbose headers   'accept-ranges': 'bytes',
17 verbose headers   date: 'Sun, 16 Apr 2017 18:59:56 GMT',
17 verbose headers   via: '1.1 varnish',
17 verbose headers   age: '0',
17 verbose headers   connection: 'keep-alive',
17 verbose headers   'x-served-by': 'cache-fra1246-FRA',
17 verbose headers   'x-cache': 'MISS',
17 verbose headers   'x-cache-hits': '0',
17 verbose headers   'x-timer': 'S1492369196.332176,VS0,VE404',
17 verbose headers   vary: 'Accept-Encoding' }
18 silly get cb [ 404,
18 silly get   { 'content-type': 'application/json',
18 silly get     'cache-control': 'max-age=0',
18 silly get     'content-length': '2',
18 silly get     'accept-ranges': 'bytes',
18 silly get     date: 'Sun, 16 Apr 2017 18:59:56 GMT',
18 silly get     via: '1.1 varnish',
18 silly get     age: '0',
18 silly get     connection: 'keep-alive',
18 silly get     'x-served-by': 'cache-fra1246-FRA',
18 silly get     'x-cache': 'MISS',
18 silly get     'x-cache-hits': '0',
18 silly get     'x-timer': 'S1492369196.332176,VS0,VE404',
18 silly get     vary: 'Accept-Encoding' } ]
19 silly fetchPackageMetaData Error: Registry returned 404 for GET on https://registry.npmjs.org/BestDressed
19 silly fetchPackageMetaData     at makeError (C:\Program Files\nodejs\node_modules\npm\node_modules\npm-registry-client\lib\request.js:302:12)
19 silly fetchPackageMetaData     at CachingRegistryClient.<anonymous> (C:\Program Files\nodejs\node_modules\npm\node_modules\npm-registry-client\lib\request.js:280:14)
19 silly fetchPackageMetaData     at Request._callback (C:\Program Files\nodejs\node_modules\npm\node_modules\npm-registry-client\lib\request.js:210:14)
19 silly fetchPackageMetaData     at Request.self.callback (C:\Program Files\nodejs\node_modules\npm\node_modules\request\request.js:187:22)
19 silly fetchPackageMetaData     at emitTwo (events.js:106:13)
19 silly fetchPackageMetaData     at Request.emit (events.js:191:7)
19 silly fetchPackageMetaData     at Request.<anonymous> (C:\Program Files\nodejs\node_modules\npm\node_modules\request\request.js:1048:10)
19 silly fetchPackageMetaData     at emitOne (events.js:96:13)
19 silly fetchPackageMetaData     at Request.emit (events.js:188:7)
19 silly fetchPackageMetaData     at IncomingMessage.<anonymous> (C:\Program Files\nodejs\node_modules\npm\node_modules\request\request.js:969:12)
19 silly fetchPackageMetaData  error for BestDressed { Error: Registry returned 404 for GET on https://registry.npmjs.org/BestDressed
19 silly fetchPackageMetaData     at makeError (C:\Program Files\nodejs\node_modules\npm\node_modules\npm-registry-client\lib\request.js:302:12)
19 silly fetchPackageMetaData     at CachingRegistryClient.<anonymous> (C:\Program Files\nodejs\node_modules\npm\node_modules\npm-registry-client\lib\request.js:280:14)
19 silly fetchPackageMetaData     at Request._callback (C:\Program Files\nodejs\node_modules\npm\node_modules\npm-registry-client\lib\request.js:210:14)
19 silly fetchPackageMetaData     at Request.self.callback (C:\Program Files\nodejs\node_modules\npm\node_modules\request\request.js:187:22)
19 silly fetchPackageMetaData     at emitTwo (events.js:106:13)
19 silly fetchPackageMetaData     at Request.emit (events.js:191:7)
19 silly fetchPackageMetaData     at Request.<anonymous> (C:\Program Files\nodejs\node_modules\npm\node_modules\request\request.js:1048:10)
19 silly fetchPackageMetaData     at emitOne (events.js:96:13)
19 silly fetchPackageMetaData     at Request.emit (events.js:188:7)
19 silly fetchPackageMetaData     at IncomingMessage.<anonymous> (C:\Program Files\nodejs\node_modules\npm\node_modules\request\request.js:969:12) pkgid: 'BestDressed', statusCode: 404, code: 'E404' }
20 verbose stack Error: Registry returned 404 for GET on https://registry.npmjs.org/BestDressed
20 verbose stack     at makeError (C:\Program Files\nodejs\node_modules\npm\node_modules\npm-registry-client\lib\request.js:302:12)
20 verbose stack     at CachingRegistryClient.<anonymous> (C:\Program Files\nodejs\node_modules\npm\node_modules\npm-registry-client\lib\request.js:280:14)
20 verbose stack     at Request._callback (C:\Program Files\nodejs\node_modules\npm\node_modules\npm-registry-client\lib\request.js:210:14)
20 verbose stack     at Request.self.callback (C:\Program Files\nodejs\node_modules\npm\node_modules\request\request.js:187:22)
20 verbose stack     at emitTwo (events.js:106:13)
20 verbose stack     at Request.emit (events.js:191:7)
20 verbose stack     at Request.<anonymous> (C:\Program Files\nodejs\node_modules\npm\node_modules\request\request.js:1048:10)
20 verbose stack     at emitOne (events.js:96:13)
20 verbose stack     at Request.emit (events.js:188:7)
20 verbose stack     at IncomingMessage.<anonymous> (C:\Program Files\nodejs\node_modules\npm\node_modules\request\request.js:969:12)
21 verbose statusCode 404
22 verbose pkgid BestDressed
23 verbose cwd C:\Users\javdev\Documents\GitHub\guidemeBackend
24 error Windows_NT 10.0.10586
25 error argv "C:\\Program Files\\nodejs\\node.exe" "C:\\Program Files\\nodejs\\node_modules\\npm\\bin\\npm-cli.js" "bugs" "BestDressed"
26 error node v6.10.2
27 error npm  v3.10.10
28 error code E404
29 error 404 Registry returned 404 for GET on https://registry.npmjs.org/BestDressed
30 error 404
31 error 404 'BestDressed' is not in the npm registry.
32 error 404 Your package name is not valid, because
33 error 404 1. name can no longer contain capital letters
34 error 404 Note that you can also install from a
35 error 404 tarball, folder, http url, or git url.
36 verbose exit [ 1, true ]
>>>>>>> d30c76eb2579a2ba8e0c8fdfffbdf629a9bb8b8f
